[2016.01.08-07.56.17:986][  0]Log file open, 01/08/16 01:56:17
[2016.01.08-07.56.17:986][  0]LogInit:Display: Running engine for game: walkdemo
[2016.01.08-07.56.17:986][  0]LogPlatformFile: Not using cached read wrapper
[2016.01.08-07.56.17:986][  0]LogInit:Display: RandInit(-1365247259) SRandInit(-1365247257).
[2016.01.08-07.56.17:986][  0]LogTaskGraph: Started task graph with 4 named threads and 7 total threads.
[2016.01.08-07.56.17:986][  0]LogStats: Stats thread started at 0.082097
[2016.01.08-07.56.17:986][  0]LogInit: Version: 4.10.1-2791327+++depot+UE4-Releases+4.10
[2016.01.08-07.56.17:986][  0]LogInit: API Version: 2758231
[2016.01.08-07.56.17:986][  0]LogInit: Compiled (64-bit): Dec  4 2015 19:44:40
[2016.01.08-07.56.17:986][  0]LogInit: Compiled with Visual C++: 19.00.23026.00
[2016.01.08-07.56.17:986][  0]LogInit: Build Configuration: Development
[2016.01.08-07.56.17:986][  0]LogInit: Branch Name: ++depot+UE4-Releases+4.10
[2016.01.08-07.56.17:986][  0]LogInit: Command line: 
[2016.01.08-07.56.17:986][  0]LogInit: Base directory: C:/Program Files (x86)/Epic Games/4.10/Engine/Binaries/Win64/
[2016.01.08-07.56.17:986][  0]LogInit: Rocket: 1
[2016.01.08-07.56.17:992][  0]LogInit: Using libcurl 7.41.0
[2016.01.08-07.56.17:992][  0]LogInit:  - built for x86_64-pc-win32
[2016.01.08-07.56.17:992][  0]LogInit:  - supports SSL with WinSSL
[2016.01.08-07.56.17:992][  0]LogInit:  - other features:
[2016.01.08-07.56.17:992][  0]LogInit:      CURL_VERSION_SSL
[2016.01.08-07.56.17:992][  0]LogInit:      CURL_VERSION_IPV6
[2016.01.08-07.56.17:992][  0]LogInit:      CURL_VERSION_ASYNCHDNS
[2016.01.08-07.56.17:992][  0]LogInit:      CURL_VERSION_LARGEFILE
[2016.01.08-07.56.17:992][  0]LogInit:      CURL_VERSION_IDN
[2016.01.08-07.56.17:992][  0]LogInit:  CurlRequestOptions (configurable via config and command line):
[2016.01.08-07.56.17:992][  0]LogInit:  - bVerifyPeer = true  - Libcurl will verify peer certificate
[2016.01.08-07.56.17:992][  0]LogInit:  - bUseHttpProxy = false  - Libcurl will NOT use HTTP proxy
[2016.01.08-07.56.17:992][  0]LogInit:  - bDontReuseConnections = false  - Libcurl will reuse connections
[2016.01.08-07.56.17:992][  0]LogInit:  - CertBundlePath = nullptr  - Libcurl will use whatever was configured at build time.
[2016.01.08-07.56.17:998][  0]LogInit: Presizing for 0 objects not considered by GC, pre-allocating 0 bytes.
[2016.01.08-07.56.18:005][  0]LogInit: Object subsystem initialized
[2016.01.08-07.56.18:006][  0]LogInit: Selected Device Profile: [Windows]
[2016.01.08-07.56.18:006][  0]LogInit: Applying CVar settings loaded from the selected device profile: [Windows]
[2016.01.08-07.56.18:012][  0]LogInit: Computer: DOOMINATOR
[2016.01.08-07.56.18:012][  0]LogInit: User: Lev
[2016.01.08-07.56.18:012][  0]LogInit: CPU Page size=4096, Cores=4
[2016.01.08-07.56.18:012][  0]LogInit: High frequency timer resolution =3.421386 MHz
[2016.01.08-07.56.18:012][  0]LogMemory: Memory total: Physical=16.0GB (16GB approx)
[2016.01.08-07.56.18:012][  0]LogMemory: Platform Memory Stats for Windows
[2016.01.08-07.56.18:012][  0]LogMemory: Process Physical Memory: 56.88 MB used, 56.88 MB peak
[2016.01.08-07.56.18:012][  0]LogMemory: Process Virtual Memory: 58.82 MB used, 58.82 MB peak
[2016.01.08-07.56.18:012][  0]LogMemory: Physical Memory: 4783.45 MB used, 16344.79 MB total
[2016.01.08-07.56.18:012][  0]LogMemory: Virtual Memory: 352.21 MB used, 8388608.00 MB total
[2016.01.08-07.56.18:042][  0]LogTextLocalizationManager: No specific translations for ('en-US') exist, so ('en') translations will be used.
[2016.01.08-07.56.18:475][  0]LogD3D11RHI: Found D3D11 adapter 0: NVIDIA Quadro K2000 (Feature Level 11_0)
[2016.01.08-07.56.18:475][  0]LogD3D11RHI: Adapter has 1990MB of dedicated video memory, 0MB of dedicated system memory, and 7916MB of shared system memory, 1 output[s]
[2016.01.08-07.56.18:475][  0]LogD3D11RHI: Chosen D3D11 Adapter Id = 0
[2016.01.08-07.56.18:482][  0]LogD3D11RHI: !Direct3DDevice
[2016.01.08-07.56.18:482][  0]LogRHI: Texture pool is 1361 MB (70% of 1945 MB)
[2016.01.08-07.56.18:490][  0]LogD3D11RHI: Async texture creation enabled
[2016.01.08-07.56.18:504][  0]LogShaderCompilers: Guid format shader working directory is -19 characters bigger than the processId version (../../../../../../Users/Lev/Documents/Unreal Projects/walkdemo/Intermediate/Shaders/WorkingDirectory/12488/).
[2016.01.08-07.56.18:504][  0]LogShaderCompilers: Cleaned the shader compiler working directory 'C:/Users/Lev/AppData/Local/Temp/UnrealShaderWorkingDir/E3FC2090469A3E464D80A1A5131755D2/'.
[2016.01.08-07.56.18:504][  0]LogShaderCompilers:Display: Using Local Shader Compiler.
[2016.01.08-07.56.19:422][  0]LogTemp:Display: Loaded TP AllDesktopTargetPlatform
[2016.01.08-07.56.19:426][  0]LogTemp:Display: Loaded TP WindowsClientTargetPlatform
[2016.01.08-07.56.19:430][  0]LogTemp:Display: Loaded TP WindowsNoEditorTargetPlatform
[2016.01.08-07.56.19:434][  0]LogTemp:Display: Loaded TP WindowsServerTargetPlatform
[2016.01.08-07.56.19:438][  0]LogTemp:Display: Loaded TP WindowsTargetPlatform
[2016.01.08-07.56.19:441][  0]LogTemp:Display: Loaded TP AndroidTargetPlatform
[2016.01.08-07.56.19:444][  0]LogTemp:Display: Loaded TP Android_ASTCTargetPlatform
[2016.01.08-07.56.19:446][  0]LogTemp:Display: Loaded TP Android_ATCTargetPlatform
[2016.01.08-07.56.19:449][  0]LogTemp:Display: Loaded TP Android_DXTTargetPlatform
[2016.01.08-07.56.19:452][  0]LogTemp:Display: Loaded TP Android_ETC1TargetPlatform
[2016.01.08-07.56.19:455][  0]LogTemp:Display: Loaded TP Android_ETC2TargetPlatform
[2016.01.08-07.56.19:461][  0]LogTemp:Display: Loaded TP Android_MultiTargetPlatform
[2016.01.08-07.56.19:461][  0]LogTemp:Display: Loaded TP Android_PVRTCTargetPlatform
[2016.01.08-07.56.19:462][  0]LogTemp:Display: Loaded TP HTML5TargetPlatform
[2016.01.08-07.56.19:477][  0]LogTemp:Display: Loaded TP IOSTargetPlatform
[2016.01.08-07.56.19:479][  0]LogTemp:Display: Loaded TP LinuxNoEditorTargetPlatform
[2016.01.08-07.56.19:482][  0]LogTemp:Display: Loaded TP LinuxServerTargetPlatform
[2016.01.08-07.56.19:484][  0]LogTemp:Display: Loaded TP LinuxTargetPlatform
[2016.01.08-07.56.19:484][  0]LogTargetPlatformManager:Display: Building Assets For Windows
[2016.01.08-07.56.19:553][  0]LogDerivedDataCache:Display: Max Cache Size: 512 MB
[2016.01.08-07.56.19:587][  0]LogDerivedDataCache: Loaded boot cache 0.03s 41MB C:/Users/Lev/AppData/Local/UnrealEngine/4.10/DerivedDataCache/Boot.ddc.
[2016.01.08-07.56.19:587][  0]LogDerivedDataCache:Display: Loaded Boot cache: C:/Users/Lev/AppData/Local/UnrealEngine/4.10/DerivedDataCache/Boot.ddc
[2016.01.08-07.56.19:587][  0]LogDerivedDataCache: FDerivedDataBackendGraph:  Pak pak cache file ../../../../../../Users/Lev/Documents/Unreal Projects/walkdemo/DerivedDataCache/DDC.ddp not found, will not use a pak cache.
[2016.01.08-07.56.19:587][  0]LogDerivedDataCache: Unable to find inner node Pak for hierarchical cache Hierarchy.
[2016.01.08-07.56.19:587][  0]LogDerivedDataCache: FDerivedDataBackendGraph:  CompressedPak pak cache file ../../../../../../Users/Lev/Documents/Unreal Projects/walkdemo/DerivedDataCache/Compressed.ddp not found, will not use a pak cache.
[2016.01.08-07.56.19:587][  0]LogDerivedDataCache: Unable to find inner node CompressedPak for hierarchical cache Hierarchy.
[2016.01.08-07.56.19:640][  0]LogDerivedDataCache:Display: Pak cache opened for reading ../../../Engine/DerivedDataCache/Compressed.ddp.
[2016.01.08-07.56.19:650][  0]LogDerivedDataCache: Using Local data cache path C:/Users/Lev/AppData/Local/UnrealEngine/Common/DerivedDataCache: Writable
[2016.01.08-07.56.19:797][  0]LogInit: Selected Device Profile: [Windows]
[2016.01.08-07.56.19:797][  0]LogContentStreaming: Texture pool size is 0.000000MB
[2016.01.08-07.56.19:828][  0]LogMeshUtilities: No automatic mesh reduction module available
[2016.01.08-07.56.19:828][  0]LogMeshUtilities: No automatic mesh merging module available
[2016.01.08-07.56.20:134][  0]LogInit: WinSock: version 1.1 (2.2), MaxSocks=32767, MaxUdp=65467
[2016.01.08-07.56.20:787][  0]UdpMessaging: Initializing bridge on interface 0.0.0.0:0 to multicast group 230.0.0.1:6666.
[2016.01.08-07.56.20:872][  0]LogAssetRegistry: FAssetRegistry took 0.0099 seconds to start up
[2016.01.08-07.56.21:048][  0]SourceControl: Info Source control is disabled
[2016.01.08-07.56.21:058][  0]SourceControl: Info Source control is disabled
[2016.01.08-07.56.21:068][  0]SourceControl: Info Source control is disabled
[2016.01.08-07.56.21:077][  0]SourceControl: Info Source control is disabled
[2016.01.08-07.56.21:260][  0]LogObj: 28633 objects as part of root set at end of initial load.
[2016.01.08-07.56.21:260][  0]LogUObjectAllocator: 6099744 out of 0 bytes used by permanent object pool.
[2016.01.08-07.56.21:310][  0]LogEngine: Initializing Engine...
[2016.01.08-07.56.21:311][  0]LogHMD: Can't find Oculus library dev build: is proper Runtime installed? Version: 0.8.0.0
[2016.01.08-07.56.21:312][  0]LogHMD: SteamVR failed to initialize.  Err: 110
[2016.01.08-07.56.21:423][  0]LogAIModule: Creating AISystem for world NewWorld
[2016.01.08-07.56.21:430][  0]LogInit: XAudio2 using 'Speakers (Realtek High Definition Audio)' : 2 channels at 48 kHz using 32 bits per sample (channel mask 0x3)
[2016.01.08-07.56.21:457][  0]LogInit: FAudioDevice initialized.
[2016.01.08-07.56.21:475][  0]LogDerivedDataCache: Saved boot cache 0.02s 41MB C:/Users/Lev/AppData/Local/UnrealEngine/4.10/DerivedDataCache/Boot.ddc.
[2016.01.08-07.56.21:478][  0]LogInit: Texture streaming: Enabled
[2016.01.08-07.56.21:482][  0]LogAnalytics: Creating configured Analytics provider AnalyticsET
[2016.01.08-07.56.21:482][  0]LogAnalytics: [UEEditor.Rocket.Release] APIServer = http://et2.epicgames.com/ET2/. AppVersion = 4.10.1-2791327+++depot+UE4-Releases+4.10
[2016.01.08-07.56.21:482][  0]LogAnalytics: [UEEditor.Rocket.Release] SetUserId b6377e7944f5ff593e5ac384be01f889|6e6f108d762b4684bba133446763eaaf|fb048954-f259-46b1-8a65-aee2b8b23ca4
[2016.01.08-07.56.21:482][  0]LogAnalytics: [UEEditor.Rocket.Release] AnalyticsET::StartSession
[2016.01.08-07.56.21:504][  0]LogInit: Transaction tracking system initialized
[2016.01.08-07.56.21:528][  0]BlueprintLog: New page: Editor Load
[2016.01.08-07.56.21:597][  0]LocalizationService: Info Localization service is disabled
[2016.01.08-07.56.21:666][  0]LogConsoleResponse:Display: 
[2016.01.08-07.56.21:781][  0]LogCook:Display: Done creating registry. It took  0.00s.
[2016.01.08-07.56.21:834][  0]LogFileCache: Scanning file cache for directory 'C:/Users/Lev/Documents/Unreal Projects/walkdemo/Content/' took 0.01s
[2016.01.08-07.56.21:834][  0]SourceControl: Info Source control is disabled
[2016.01.08-07.56.21:834][  0]Cmd: MAP LOAD FILE="../../../Engine/Content/Maps/Templates/Template_Default.umap" TEMPLATE=1 SHOWPROGRESS=1 FEATURELEVEL=3
[2016.01.08-07.56.21:835][  0]LightingResults: New page: Lighting Build
[2016.01.08-07.56.21:838][  0]MapCheck: New page: Map Check
[2016.01.08-07.56.21:838][  0]LightingResults: New page: Lighting Build
[2016.01.08-07.56.21:851][  0]LogParticles: Destroying 0 GPU particle simulations for FXSystem 0x0000000020026AC0
[2016.01.08-07.56.22:132][  0]LogAIModule: Creating AISystem for world Untitled_1
[2016.01.08-07.56.22:138][  0]LogEditorServer: Finished looking for orphan Actors (0.000 secs)
[2016.01.08-07.56.22:142][  0]Cmd: MAP CHECKDEP NOCLEARLOG
[2016.01.08-07.56.22:179][  0]MapCheck: Info Map check complete: 0 Error(s), 0 Warning(s), took 36.79ms to complete.
[2016.01.08-07.56.22:179][  0]LogFileHelpers: Loading map 'Template_Default' took 0.345
[2016.01.08-07.56.22:285][  0]LogCollectionManager: Loaded 0 collections in 0.002128 seconds
[2016.01.08-07.56.22:321][  0]LogFileCache: Scanning file cache for directory 'C:/Users/Lev/Documents/Unreal Projects/walkdemo/Saved/Collections/' took 0.01s
[2016.01.08-07.56.22:321][  0]LogFileCache: Scanning file cache for directory 'C:/Users/Lev/Documents/Unreal Projects/walkdemo/Content/Developers/Lev/Collections/' took 0.01s
[2016.01.08-07.56.22:321][  0]LogFileCache: Scanning file cache for directory 'C:/Users/Lev/Documents/Unreal Projects/walkdemo/Content/Collections/' took 0.01s
[2016.01.08-07.56.22:321][  0]LogCollectionManager: Rebuilt the GUID cache for 0 collections in 0.000002 seconds
[2016.01.08-07.56.22:329][  0]LogContentBrowser: Native class hierarchy populated in 0.0074 seconds. Added 1893 classes and 338 folders.
[2016.01.08-07.56.22:335][  0]LogContentBrowser: Native class hierarchy updated for 'WidgetCarousel' in 0.0004 seconds. Added 0 classes and 0 folders.
[2016.01.08-07.56.22:376][  0]LogContentBrowser: Native class hierarchy updated for 'AddContentDialog' in 0.0005 seconds. Added 0 classes and 0 folders.
[2016.01.08-07.56.22:383][  0]LogContentBrowser: Native class hierarchy updated for 'SceneOutliner' in 0.0006 seconds. Added 1 classes and 2 folders.
[2016.01.08-07.56.22:434][  0]LogCrashTracker: Crashtracker disabled due to settings.
[2016.01.08-07.56.22:438][  0]LogUObjectGlobals:Warning: Failed to find object 'Class None.'
[2016.01.08-07.56.22:458][  0]LogLoad: Full Startup: 4.88 seconds (BP compile: 0.05 seconds)
[2016.01.08-07.56.22:469][  0]LogOcInput: Can't find Oculus library dev build: is proper Runtime installed? Version: 0.8.0.0
[2016.01.08-07.56.22:545][  0]LogContentStreaming: Texture pool size now 1000 MB
[2016.01.08-07.56.22:719][  0]LogRenderer: Reallocating scene render targets to support 1208x600 (Frame:2).
[2016.01.08-07.56.22:880][  3]LogAssetRegistry: Asset discovery search completed in 2.0184 seconds
[2016.01.08-07.56.22:880][  3]LogCollectionManager: Rebuilt the object cache for 0 collections in 0.000001 seconds (found 0 objects)
[2016.01.08-07.56.22:880][  3]LogCollectionManager: Fixed up redirectors for 0 collections in 0.000020 seconds (updated 0 objects)
[2016.01.08-07.56.28:394][259]LogAIModule: Creating AISystem for world emptystage
[2016.01.08-07.56.28:420][259]Cmd: MAP LOAD FILE="../../../../../../Users/Lev/Documents/Unreal Projects/walkdemo/Content/emptystage.umap" TEMPLATE=0 SHOWPROGRESS=1 FEATURELEVEL=3
[2016.01.08-07.56.28:420][259]LightingResults: New page: Lighting Build
[2016.01.08-07.56.28:435][259]LoadErrors: New page: Loading map: emptystage.umap
[2016.01.08-07.56.28:436][259]MapCheck: New page: Map Check
[2016.01.08-07.56.28:436][259]LightingResults: New page: Lighting Build
[2016.01.08-07.56.28:444][259]LogParticles: Destroying 0 GPU particle simulations for FXSystem 0x0000000011AC71A0
[2016.01.08-07.56.28:475][259]LogEditorServer: Finished looking for orphan Actors (0.000 secs)
[2016.01.08-07.56.28:498][259]Cmd: MAP CHECKDEP NOCLEARLOG
[2016.01.08-07.56.28:532][259]MapCheck: Info Map check complete: 0 Error(s), 0 Warning(s), took 33.956ms to complete.
[2016.01.08-07.56.28:532][259]LogFileHelpers: Loading map 'emptystage' took 0.113
[2016.01.08-07.56.31:423][315]LogContentBrowser: Native class hierarchy updated for 'PhAT' in 0.0003 seconds. Added 1 classes and 2 folders.
[2016.01.08-07.56.31:574][315]LogRenderer: Reallocating scene render targets to support 1300x940 (Frame:495).
[2016.01.08-08.10.24:970][ 64]LogActorComponent: UnregisterComponent: (/Engine/Transient.CharMoveComp) Not registered. Aborting.
[2016.01.08-08.10.24:980][ 64]LogFileHelpers: Editor autosave (incl. sublevels) for '/Game/emptystage' took 0.011
[2016.01.08-08.10.24:984][ 64]OBJ SavePackage: Generating thumbnails for [0] asset(s) in package [/Game/mesh_PhysicsAsset] ([1] browsable assets)...
[2016.01.08-08.10.24:984][ 64]OBJ SavePackage: Finished generating thumbnails for package [/Game/mesh_PhysicsAsset]
[2016.01.08-08.10.24:995][ 64]LogSavePackage: Save=3.846687ms
[2016.01.08-08.10.24:995][ 64]LogSavePackage: Moving '../../../../../../Users/Lev/Documents/Unreal Projects/walkdemo/Saved/mesh_PhysicsAsset_Auto1C0B8C8264A33650010017C9AE6A05C6F.tmp' to '../../../../../../Users/Lev/Documents/Unreal Projects/walkdemo/Saved/Autosaves/Game/mesh_PhysicsAsset_Auto1.uasset'
[2016.01.08-08.10.24:996][ 64]LogSavePackage: Total save time: 11.706952ms
[2016.01.08-08.10.24:996][ 64]LogSavePackage:Display: Finished SavePackage ../../../../../../Users/Lev/Documents/Unreal Projects/walkdemo/Saved/Autosaves/Game/mesh_PhysicsAsset_Auto1.uasset
[2016.01.08-08.10.24:996][ 64]LogFileHelpers: Auto-saving content packages took 0.015
[2016.01.08-08.14.02:492][187]Cmd: TRANSACTION UNDO
[2016.01.08-08.14.02:492][187]LogEditorTransaction: Undo Delete Primitive
[2016.01.08-08.14.02:927][203]Cmd: TRANSACTION UNDO
[2016.01.08-08.14.02:927][203]LogEditorTransaction: Undo Delete Primitive
[2016.01.08-08.14.05:605][304]Cmd: TRANSACTION UNDO
[2016.01.08-08.14.05:605][304]LogEditorTransaction: Undo Move Element
[2016.01.08-08.14.32:995][ 56]Cmd: OBJ SAVEPACKAGE PACKAGE="/Game/mesh_PhysicsAsset" FILE="../../../../../../Users/Lev/Documents/Unreal Projects/walkdemo/Content/mesh_PhysicsAsset.uasset" SILENT=true
[2016.01.08-08.14.33:003][ 56]LogSavePackage: Save=3.824473ms
[2016.01.08-08.14.33:003][ 56]LogSavePackage: Moving '../../../../../../Users/Lev/Documents/Unreal Projects/walkdemo/Saved/mesh_PhysicsAsset76197D4340D3398B39AEFD868E489FD3.tmp' to '../../../../../../Users/Lev/Documents/Unreal Projects/walkdemo/Content/mesh_PhysicsAsset.uasset'
[2016.01.08-08.14.33:004][ 56]LogSavePackage: Total save time: 8.773051ms
[2016.01.08-08.14.33:004][ 56]LogSavePackage:Display: Finished SavePackage ../../../../../../Users/Lev/Documents/Unreal Projects/walkdemo/Content/mesh_PhysicsAsset.uasset
[2016.01.08-08.14.41:539][308]Cmd: TRANSACTION UNDO
[2016.01.08-08.14.41:539][308]LogEditorTransaction: Undo Move Constraint
[2016.01.08-08.15.54:967][525]Cmd: TRANSACTION UNDO
[2016.01.08-08.15.54:967][525]LogEditorTransaction: Undo Edit Properties
[2016.01.08-08.15.55:320][539]Cmd: TRANSACTION UNDO
[2016.01.08-08.15.55:320][539]LogEditorTransaction: Undo Edit Properties
[2016.01.08-08.15.55:896][574]Cmd: TRANSACTION UNDO
[2016.01.08-08.15.55:896][574]LogEditorTransaction: Undo Edit Projection Angular Tolerance
[2016.01.08-08.15.56:296][589]Cmd: TRANSACTION UNDO
[2016.01.08-08.15.56:296][589]LogEditorTransaction: Undo Edit Projection Linear Tolerance
[2016.01.08-08.17.42:903][709]LogPlayLevel: PlayLevel: No blueprints needed recompiling
[2016.01.08-08.17.42:903][709]PIE: New page: PIE session: emptystage (Jan 7, 2016, 8:17:42 PM)
[2016.01.08-08.17.42:903][709]LogPlayLevel: Creating play world package: /Game/UEDPIE_0_emptystage
[2016.01.08-08.17.42:905][709]LogPlayLevel: PIE: StaticDuplicateObject took: (0.001654s)
[2016.01.08-08.17.42:905][709]LogAIModule: Creating AISystem for world emptystage
[2016.01.08-08.17.42:906][709]LogPlayLevel: PIE: World Init took: (0.000606s)
[2016.01.08-08.17.42:906][709]LogPlayLevel: PIE: Created PIE world by copying editor world from /Game/emptystage.emptystage to /Game/UEDPIE_0_emptystage.emptystage (0.002443s)
[2016.01.08-08.17.42:906][709]LogActorComponent: UnregisterComponent: (/Engine/Transient.CharMoveComp) Not registered. Aborting.
[2016.01.08-08.17.42:917][709]LogParticles: Destroying 0 GPU particle simulations for FXSystem 0x0000000024CA6A20
[2016.01.08-08.17.42:923][709]LogInit: XAudio2 using 'Speakers (Realtek High Definition Audio)' : 2 channels at 48 kHz using 32 bits per sample (channel mask 0x3)
[2016.01.08-08.17.42:935][709]LogInit: FAudioDevice initialized.
[2016.01.08-08.17.42:979][709]LogWorld: Game class is 'MyGame_C'
[2016.01.08-08.17.42:983][709]LogWorld: Bringing World /Game/UEDPIE_0_emptystage.emptystage up for play (max tick rate 0) at 2016.01.08-02.17.42
[2016.01.08-08.17.42:983][709]LogActor:Warning: GameSession /Game/UEDPIE_0_emptystage.emptystage:PersistentLevel.GameSession_0 has natively added scene component(s), but none of them were set as the actor's RootComponent - picking one arbitrarily
[2016.01.08-08.17.42:983][709]LogActor:Warning: GameNetworkManager /Game/UEDPIE_0_emptystage.emptystage:PersistentLevel.GameNetworkManager_0 has natively added scene component(s), but none of them were set as the actor's RootComponent - picking one arbitrarily
[2016.01.08-08.17.42:983][709]LogWorld: Bringing up level for play took: 0.001584
[2016.01.08-08.17.42:986][709]PIE: Info Play in editor start time for /Game/UEDPIE_0_emptystage 0.345
[2016.01.08-08.17.49:634][106]LogParticles: Destroying 0 GPU particle simulations for FXSystem 0x000000000F036A20
[2016.01.08-08.17.50:409][153]LogPlayLevel: PlayLevel: No blueprints needed recompiling
[2016.01.08-08.17.50:409][153]PIE: New page: PIE session: emptystage (Jan 7, 2016, 8:17:50 PM)
[2016.01.08-08.17.50:409][153]LogPlayLevel: Creating play world package: /Game/UEDPIE_0_emptystage
[2016.01.08-08.17.50:411][153]LogPlayLevel: PIE: StaticDuplicateObject took: (0.001584s)
[2016.01.08-08.17.50:411][153]LogAIModule: Creating AISystem for world emptystage
[2016.01.08-08.17.50:411][153]LogPlayLevel: PIE: World Init took: (0.000546s)
[2016.01.08-08.17.50:411][153]LogPlayLevel: PIE: Created PIE world by copying editor world from /Game/emptystage.emptystage to /Game/UEDPIE_0_emptystage.emptystage (0.002293s)
[2016.01.08-08.17.50:426][153]LogInit: XAudio2 using 'Speakers (Realtek High Definition Audio)' : 2 channels at 48 kHz using 32 bits per sample (channel mask 0x3)
[2016.01.08-08.17.50:435][153]LogInit: FAudioDevice initialized.
[2016.01.08-08.17.50:469][153]LogWorld: Game class is 'MyGame_C'
[2016.01.08-08.17.50:474][153]LogWorld: Bringing World /Game/UEDPIE_0_emptystage.emptystage up for play (max tick rate 0) at 2016.01.08-02.17.50
[2016.01.08-08.17.50:474][153]LogActor:Warning: GameSession /Game/UEDPIE_0_emptystage.emptystage:PersistentLevel.GameSession_1 has natively added scene component(s), but none of them were set as the actor's RootComponent - picking one arbitrarily
[2016.01.08-08.17.50:474][153]LogActor:Warning: GameNetworkManager /Game/UEDPIE_0_emptystage.emptystage:PersistentLevel.GameNetworkManager_1 has natively added scene component(s), but none of them were set as the actor's RootComponent - picking one arbitrarily
[2016.01.08-08.17.50:474][153]LogWorld: Bringing up level for play took: 0.001603
[2016.01.08-08.17.50:476][153]PIE: Info Play in editor start time for /Game/UEDPIE_0_emptystage -0.166
[2016.01.08-08.17.53:277][327]LogParticles: Destroying 0 GPU particle simulations for FXSystem 0x0000000025071260
[2016.01.08-08.17.58:440][567]LogActorComponent: UnregisterComponent: (/Engine/Transient.CharMoveComp) Not registered. Aborting.
[2016.01.08-08.18.07:801][567]Cmd: OBJ SAVEPACKAGE PACKAGE="/Game/mesh_PhysicsAsset" FILE="../../../../../../Users/Lev/Documents/Unreal Projects/walkdemo/Content/mesh_PhysicsAsset.uasset" SILENT=true
[2016.01.08-08.18.07:810][567]LogSavePackage: Save=4.041929ms
[2016.01.08-08.18.07:810][567]LogSavePackage: Moving '../../../../../../Users/Lev/Documents/Unreal Projects/walkdemo/Saved/mesh_PhysicsAssetC44EA75740E14FC17EA99CB9EE944ADF.tmp' to '../../../../../../Users/Lev/Documents/Unreal Projects/walkdemo/Content/mesh_PhysicsAsset.uasset'
[2016.01.08-08.18.07:811][567]LogSavePackage: Total save time: 9.767681ms
[2016.01.08-08.18.07:811][567]LogSavePackage:Display: Finished SavePackage ../../../../../../Users/Lev/Documents/Unreal Projects/walkdemo/Content/mesh_PhysicsAsset.uasset
[2016.01.08-08.18.08:080][568]Cmd: QUIT_EDITOR
[2016.01.08-08.18.08:231][568]LogExit: Preparing to exit.
[2016.01.08-08.18.08:969][568]LogExit: Editor shut down
[2016.01.08-08.18.08:969][568]LogExit: Transaction tracking system shut down
[2016.01.08-08.18.08:970][568]LogParticles: Destroying 0 GPU particle simulations for FXSystem 0x0000000013600220
[2016.01.08-08.18.08:970][568]LogParticles: Destroying 0 GPU particle simulations for FXSystem 0x0000000013602340
[2016.01.08-08.18.08:970][568]LogParticles: Destroying 0 GPU particle simulations for FXSystem 0x000000001BF7B880
[2016.01.08-08.18.08:970][568]LogParticles: Destroying 0 GPU particle simulations for FXSystem 0x000000000F6B62A0
[2016.01.08-08.18.08:970][568]LogParticles: Destroying 0 GPU particle simulations for FXSystem 0x0000000013602980
[2016.01.08-08.18.08:970][568]LogParticles: Destroying 0 GPU particle simulations for FXSystem 0x00000000136027A0
[2016.01.08-08.18.08:971][568]LogParticles: Destroying 0 GPU particle simulations for FXSystem 0x0000000011AC6520
[2016.01.08-08.18.08:971][568]LogParticles: Destroying 0 GPU particle simulations for FXSystem 0x0000000025409F80
[2016.01.08-08.18.09:084][568]LogExit: Object subsystem successfully closed.
[2016.01.08-08.18.09:100][568]LogD3D11RHI: Shutdown
[2016.01.08-08.18.09:100][568]LogD3D11RHI: CleanupD3DDevice
[2016.01.08-08.18.09:141][568]LogD3D11RHI: ~FD3D11DynamicRHI
[2016.01.08-08.18.09:152][568]LogModuleManager: Shutting down and abandoning module CookingStats (201)
[2016.01.08-08.18.09:152][568]LogModuleManager: Shutting down and abandoning module ExternalImagePicker (200)
[2016.01.08-08.18.09:152][568]LogModuleManager: Shutting down and abandoning module PhAT (199)
[2016.01.08-08.18.09:152][568]LogModuleManager: Shutting down and abandoning module CrashTracker (198)
[2016.01.08-08.18.09:152][568]LogModuleManager: Shutting down and abandoning module SceneOutliner (197)
[2016.01.08-08.18.09:152][568]LogModuleManager: Shutting down and abandoning module SuperSearch (196)
[2016.01.08-08.18.09:152][568]LogModuleManager: Shutting down and abandoning module WidgetCarousel (195)
[2016.01.08-08.18.09:152][568]LogModuleManager: Shutting down and abandoning module AddContentDialog (194)
[2016.01.08-08.18.09:153][568]LogModuleManager: Shutting down and abandoning module EditorWidgets (193)
[2016.01.08-08.18.09:153][568]LogModuleManager: Shutting down and abandoning module CollectionManager (192)
[2016.01.08-08.18.09:153][568]LogModuleManager: Shutting down and abandoning module StatsViewer (191)
[2016.01.08-08.18.09:153][568]LogModuleManager: Shutting down and abandoning module FoliageEdit (190)
[2016.01.08-08.18.09:153][568]LogModuleManager: Shutting down and abandoning module LandscapeEditor (189)
[2016.01.08-08.18.09:153][568]LogModuleManager: Shutting down and abandoning module ActorPickerMode (188)
[2016.01.08-08.18.09:153][568]LogModuleManager: Shutting down and abandoning module GeometryMode (187)
[2016.01.08-08.18.09:153][568]LogModuleManager: Shutting down and abandoning module TextureAlignMode (186)
[2016.01.08-08.18.09:153][568]LogModuleManager: Shutting down and abandoning module BspMode (185)
[2016.01.08-08.18.09:153][568]LogModuleManager: Shutting down and abandoning module PlacementMode (184)
[2016.01.08-08.18.09:153][568]LogModuleManager: Shutting down and abandoning module AutomationWorker (183)
[2016.01.08-08.18.09:153][568]LogModuleManager: Shutting down and abandoning module CharacterAI (182)
[2016.01.08-08.18.09:153][568]LogModuleManager: Shutting down and abandoning module SmartSnapping (181)
[2016.01.08-08.18.09:153][568]LogModuleManager: Shutting down and abandoning module ViewportSnapping (180)
[2016.01.08-08.18.09:153][568]LogModuleManager: Shutting down and abandoning module LogVisualizer (179)
[2016.01.08-08.18.09:153][568]LogModuleManager: Shutting down and abandoning module GameProjectGeneration (178)
[2016.01.08-08.18.09:153][568]LogModuleManager: Shutting down and abandoning module IntroTutorials (177)
[2016.01.08-08.18.09:153][568]LogModuleManager: Shutting down and abandoning module EditorLiveStreaming (176)
[2016.01.08-08.18.09:153][568]LogModuleManager: Shutting down and abandoning module IOSPlatformEditor (175)
[2016.01.08-08.18.09:153][568]LogModuleManager: Shutting down and abandoning module HTML5PlatformEditor (174)
[2016.01.08-08.18.09:153][568]LogModuleManager: Shutting down and abandoning module AndroidDeviceDetection (173)
[2016.01.08-08.18.09:720][568]LogModuleManager: Shutting down and abandoning module AndroidPlatformEditor (172)
[2016.01.08-08.18.09:720][568]LogModuleManager: Shutting down and abandoning module IOSRuntimeSettings (171)
[2016.01.08-08.18.09:720][568]LogModuleManager: Shutting down and abandoning module AndroidRuntimeSettings (170)
[2016.01.08-08.18.09:720][568]LogModuleManager: Shutting down and abandoning module MergeActors (169)
[2016.01.08-08.18.09:720][568]LogModuleManager: Shutting down and abandoning module SizeMap (168)
[2016.01.08-08.18.09:720][568]LogModuleManager: Shutting down and abandoning module TreeMap (167)
[2016.01.08-08.18.09:720][568]LogModuleManager: Shutting down and abandoning module ReferenceViewer (166)
[2016.01.08-08.18.09:720][568]LogModuleManager: Shutting down and abandoning module LocalizationService (165)
[2016.01.08-08.18.09:720][568]LogModuleManager: Shutting down and abandoning module LocalizationDashboard (164)
[2016.01.08-08.18.09:720][568]LogModuleManager: Shutting down and abandoning module HardwareTargeting (163)
[2016.01.08-08.18.09:720][568]LogModuleManager: Shutting down and abandoning module DeviceProfileEditor (162)
[2016.01.08-08.18.09:720][568]LogModuleManager: Shutting down and abandoning module UndoHistory (161)
[2016.01.08-08.18.09:720][568]LogModuleManager: Shutting down and abandoning module GameplayTagsEditor (160)
[2016.01.08-08.18.09:720][568]LogModuleManager: Shutting down and abandoning module UserFeedback (159)
[2016.01.08-08.18.09:720][568]LogModuleManager: Shutting down and abandoning module XmlParser (158)
[2016.01.08-08.18.09:720][568]LogModuleManager: Shutting down and abandoning module Blutility (157)
[2016.01.08-08.18.09:720][568]LogModuleManager: Shutting down and abandoning module ProjectTargetPlatformEditor (156)
[2016.01.08-08.18.09:720][568]LogModuleManager: Shutting down and abandoning module ProjectSettingsViewer (155)
[2016.01.08-08.18.09:720][568]LogModuleManager: Shutting down and abandoning module InputBindingEditor (154)
[2016.01.08-08.18.09:720][568]LogModuleManager: Shutting down and abandoning module EditorSettingsViewer (153)
[2016.01.08-08.18.09:720][568]LogModuleManager: Shutting down and abandoning module SettingsEditor (152)
[2016.01.08-08.18.09:720][568]LogModuleManager: Shutting down and abandoning module ProjectLauncher (151)
[2016.01.08-08.18.09:720][568]LogModuleManager: Shutting down and abandoning module SessionFrontend (150)
[2016.01.08-08.18.09:720][568]LogModuleManager: Shutting down and abandoning module ProfilerClient (149)
[2016.01.08-08.18.09:720][568]LogModuleManager: Shutting down and abandoning module TargetDeviceServices (148)
[2016.01.08-08.18.09:721][568]LogModuleManager: Shutting down and abandoning module DeviceManager (147)
[2016.01.08-08.18.09:721][568]LogModuleManager: Shutting down and abandoning module AutomationController (146)
[2016.01.08-08.18.09:721][568]LogModuleManager: Shutting down and abandoning module AutomationWindow (145)
[2016.01.08-08.18.09:721][568]LogModuleManager: Shutting down and abandoning module Layers (144)
[2016.01.08-08.18.09:721][568]LogModuleManager: Shutting down and abandoning module ComponentVisualizers (143)
[2016.01.08-08.18.09:721][568]LogModuleManager: Shutting down and abandoning module DetailCustomizations (142)
[2016.01.08-08.18.09:721][568]LogModuleManager: Shutting down and abandoning module PackagesDialog (141)
[2016.01.08-08.18.09:721][568]LogModuleManager: Shutting down and abandoning module Persona (140)
[2016.01.08-08.18.09:721][568]LogModuleManager: Shutting down and abandoning module Kismet (139)
[2016.01.08-08.18.09:721][568]LogModuleManager: Shutting down and abandoning module GraphEditor (138)
[2016.01.08-08.18.09:721][568]LogModuleManager: Shutting down and abandoning module ClassViewer (137)
[2016.01.08-08.18.09:721][568]LogModuleManager: Shutting down and abandoning module Toolbox (136)
[2016.01.08-08.18.09:721][568]LogModuleManager: Shutting down and abandoning module ModuleUI (135)
[2016.01.08-08.18.09:721][568]LogModuleManager: Shutting down and abandoning module MovieSceneTools (134)
[2016.01.08-08.18.09:721][568]LogModuleManager: Shutting down and abandoning module OutputLog (133)
[2016.01.08-08.18.09:721][568]LogModuleManager: Shutting down and abandoning module GammaUI (132)
[2016.01.08-08.18.09:721][568]LogModuleManager: Shutting down and abandoning module Documentation (131)
[2016.01.08-08.18.09:721][568]LogModuleManager: Shutting down and abandoning module GameLiveStreaming (130)
[2016.01.08-08.18.09:721][568]LogModuleManager: Shutting down and abandoning module StreamingPauseRendering (129)
[2016.01.08-08.18.09:721][568]LogModuleManager: Shutting down and abandoning module AnalyticsET (128)
[2016.01.08-08.18.09:721][568]LogModuleManager: Shutting down and abandoning module Analytics (127)
[2016.01.08-08.18.09:721][568]LogModuleManager: Shutting down and abandoning module AITestSuite (126)
[2016.01.08-08.18.09:721][568]LogModuleManager: Shutting down and abandoning module GameplayDebugger (125)
[2016.01.08-08.18.09:721][568]LogModuleManager: Shutting down and abandoning module AIModule (124)
[2016.01.08-08.18.09:721][568]LogModuleManager: Shutting down and abandoning module ProfilerService (123)
[2016.01.08-08.18.09:874][568]LogModuleManager: Shutting down and abandoning module TaskGraph (122)
[2016.01.08-08.18.09:874][568]LogModuleManager: Shutting down and abandoning module SlateRemote (121)
[2016.01.08-08.18.09:874][568]LogModuleManager: Shutting down and abandoning module SteamVRController (120)
[2016.01.08-08.18.09:874][568]LogModuleManager: Shutting down and abandoning module SteamVR (119)
[2016.01.08-08.18.09:874][568]LogModuleManager: Shutting down and abandoning module ProceduralMeshComponent (118)
[2016.01.08-08.18.09:874][568]LogModuleManager: Shutting down and abandoning module OculusLibrary (117)
[2016.01.08-08.18.09:874][568]LogModuleManager: Shutting down and abandoning module OculusInput (116)
[2016.01.08-08.18.09:874][568]LogModuleManager: Shutting down and abandoning module LeapMotionController (115)
[2016.01.08-08.18.09:885][568]LogModuleManager: Shutting down and abandoning module CustomMeshComponent (114)
[2016.01.08-08.18.09:885][568]LogModuleManager: Shutting down and abandoning module CableComponent (113)
[2016.01.08-08.18.09:885][568]LogModuleManager: Shutting down and abandoning module ArchVisCharacter (112)
[2016.01.08-08.18.09:885][568]LogModuleManager: Shutting down and abandoning module MessagingDebugger (111)
[2016.01.08-08.18.09:885][568]LogModuleManager: Shutting down and abandoning module MediaPlayerEditor (110)
[2016.01.08-08.18.09:885][568]LogModuleManager: Shutting down and abandoning module HTML5Networking (109)
[2016.01.08-08.18.09:885][568]LogModuleManager: Shutting down and abandoning module SpeedTreeImporter (108)
[2016.01.08-08.18.09:885][568]LogModuleManager: Shutting down and abandoning module PluginBrowser (107)
[2016.01.08-08.18.09:885][568]LogModuleManager: Shutting down and abandoning module EpicSurvey (106)
[2016.01.08-08.18.09:885][568]LogModuleManager: Shutting down and abandoning module DesktopPlatform (105)
[2016.01.08-08.18.09:885][568]LogModuleManager: Shutting down and abandoning module VisualStudioSourceCodeAccess (104)
[2016.01.08-08.18.09:885][568]LogModuleManager: Shutting down and abandoning module UObjectPlugin (103)
[2016.01.08-08.18.09:885][568]LogModuleManager: Shutting down and abandoning module SubversionSourceControl (102)
[2016.01.08-08.18.09:885][568]LogModuleManager: Shutting down and abandoning module PerforceSourceControl (101)
[2016.01.08-08.18.09:885][568]LogModuleManager: Shutting down and abandoning module SourceControl (100)
[2016.01.08-08.18.09:885][568]LogModuleManager: Shutting down and abandoning module GitSourceControl (99)
[2016.01.08-08.18.09:885][568]LogModuleManager: Shutting down and abandoning module LightPropagationVolumeEditor (98)
[2016.01.08-08.18.09:885][568]LogModuleManager: Shutting down and abandoning module PaperTiledImporter (97)
[2016.01.08-08.18.09:885][568]LogModuleManager: Shutting down and abandoning module PaperSpriteSheetImporter (96)
[2016.01.08-08.18.09:885][568]LogModuleManager: Shutting down and abandoning module MeshPaint (95)
[2016.01.08-08.18.09:885][568]LogModuleManager: Shutting down and abandoning module SlateReflector (94)
[2016.01.08-08.18.09:885][568]LogModuleManager: Shutting down and abandoning module HotReload (93)
[2016.01.08-08.18.09:885][568]LogModuleManager: Shutting down and abandoning module MainFrame (92)
[2016.01.08-08.18.09:885][568]LogModuleManager: Shutting down and abandoning module LevelEditor (91)
[2016.01.08-08.18.09:886][568]LogModuleManager: Shutting down and abandoning module DirectoryWatcher (90)
[2016.01.08-08.18.09:887][568]LogModuleManager: Shutting down and abandoning module AssetRegistry (89)
[2016.01.08-08.18.09:943][568]LogModuleManager: Shutting down and abandoning module ContentBrowser (88)
[2016.01.08-08.18.09:943][568]LogModuleManager: Shutting down and abandoning module Paper2DEditor (87)
[2016.01.08-08.18.09:943][568]LogModuleManager: Shutting down and abandoning module UdpMessaging (86)
[2016.01.08-08.18.10:043][568]LogModuleManager: Shutting down and abandoning module LightPropagationVolumeRuntime (85)
[2016.01.08-08.18.10:043][568]LogModuleManager: Shutting down and abandoning module Paper2D (84)
[2016.01.08-08.18.10:043][568]LogModuleManager: Shutting down and abandoning module WindowsMoviePlayer (83)
[2016.01.08-08.18.10:045][568]LogModuleManager: Shutting down and abandoning module Media (82)
[2016.01.08-08.18.10:045][568]LogModuleManager: Shutting down and abandoning module WmfMedia (81)
[2016.01.08-08.18.10:046][568]LogModuleManager: Shutting down and abandoning module OnlineBlueprintSupport (80)
[2016.01.08-08.18.10:046][568]LogModuleManager: Shutting down and abandoning module GameplayTasksEditor (79)
[2016.01.08-08.18.10:046][568]LogModuleManager: Shutting down and abandoning module PropertyEditor (78)
[2016.01.08-08.18.10:046][568]LogModuleManager: Shutting down and abandoning module BehaviorTreeEditor (77)
[2016.01.08-08.18.10:046][568]LogModuleManager: Shutting down and abandoning module FunctionalTesting (76)
[2016.01.08-08.18.10:046][568]LogModuleManager: Shutting down and abandoning module CollisionAnalyzer (75)
[2016.01.08-08.18.10:046][568]LogModuleManager: Shutting down and abandoning module WorkspaceMenuStructure (74)
[2016.01.08-08.18.10:046][568]LogModuleManager: Shutting down and abandoning module MessageLog (73)
[2016.01.08-08.18.10:046][568]LogModuleManager: Shutting down and abandoning module Sequencer (72)
[2016.01.08-08.18.10:046][568]LogModuleManager: Shutting down and abandoning module AssetTools (71)
[2016.01.08-08.18.10:046][568]LogModuleManager: Shutting down and abandoning module UMGEditor (70)
[2016.01.08-08.18.10:046][568]LogModuleManager: Shutting down and abandoning module UMG (69)
[2016.01.08-08.18.10:046][568]LogModuleManager: Shutting down and abandoning module Slate (68)
[2016.01.08-08.18.10:046][568]LogModuleManager: Shutting down and abandoning module EditorStyle (67)
[2016.01.08-08.18.10:048][568]LogModuleManager: Shutting down and abandoning module SessionServices (66)
[2016.01.08-08.18.10:048][568]LogModuleManager: Shutting down and abandoning module SourceCodeAccess (65)
[2016.01.08-08.18.10:048][568]LogModuleManager: Shutting down and abandoning module HeadMountedDisplay (64)
[2016.01.08-08.18.10:048][568]LogModuleManager: Shutting down and abandoning module XAudio2 (63)
[2016.01.08-08.18.10:048][568]LogModuleManager: Shutting down and abandoning module Networking (61)
[2016.01.08-08.18.10:048][568]LogModuleManager: Shutting down and abandoning module Core (60)
[2016.01.08-08.18.10:048][568]LogModuleManager: Shutting down and abandoning module KismetCompiler (59)
[2016.01.08-08.18.10:048][568]LogModuleManager: Shutting down and abandoning module PhysXFormats (58)
[2016.01.08-08.18.10:048][568]LogModuleManager: Shutting down and abandoning module MeshUtilities (57)
[2016.01.08-08.18.10:048][568]LogModuleManager: Shutting down and abandoning module DerivedDataCache (56)
[2016.01.08-08.18.10:091][568]LogDerivedDataCache: Shutdown
[2016.01.08-08.18.10:091][568]LogModuleManager: Shutting down and abandoning module ShaderFormatOpenGL (55)
[2016.01.08-08.18.10:091][568]LogModuleManager: Shutting down and abandoning module ShaderFormatD3D (54)
[2016.01.08-08.18.10:091][568]LogModuleManager: Shutting down and abandoning module MetalShaderFormat (53)
[2016.01.08-08.18.10:091][568]LogModuleManager: Shutting down and abandoning module TextureFormatUncompressed (52)
[2016.01.08-08.18.10:091][568]LogModuleManager: Shutting down and abandoning module TextureFormatPVR (51)
[2016.01.08-08.18.10:091][568]LogModuleManager: Shutting down and abandoning module TextureFormatIntelISPCTexComp (50)
[2016.01.08-08.18.10:091][568]LogModuleManager: Shutting down and abandoning module TextureFormatDXT (49)
[2016.01.08-08.18.10:091][568]LogModuleManager: Shutting down and abandoning module ImageWrapper (48)
[2016.01.08-08.18.10:091][568]LogModuleManager: Shutting down and abandoning module TextureFormatASTC (47)
[2016.01.08-08.18.10:091][568]LogModuleManager: Shutting down and abandoning module TextureFormatAndroid (46)
[2016.01.08-08.18.10:091][568]LogModuleManager: Shutting down and abandoning module AudioFormatOpus (45)
[2016.01.08-08.18.10:091][568]LogModuleManager: Shutting down and abandoning module AudioFormatOgg (44)
[2016.01.08-08.18.10:091][568]LogModuleManager: Shutting down and abandoning module AudioFormatADPCM (43)
[2016.01.08-08.18.10:091][568]LogModuleManager: Shutting down and abandoning module LinuxTargetPlatform (42)
[2016.01.08-08.18.10:091][568]LogModuleManager: Shutting down and abandoning module LinuxServerTargetPlatform (41)
[2016.01.08-08.18.10:091][568]LogModuleManager: Shutting down and abandoning module LinuxNoEditorTargetPlatform (40)
[2016.01.08-08.18.10:091][568]LogModuleManager: Shutting down and abandoning module Messaging (39)
[2016.01.08-08.18.10:091][568]LogModuleManager: Shutting down and abandoning module IOSTargetPlatform (38)
[2016.01.08-08.18.10:091][568]LogModuleManager: Shutting down and abandoning module HTML5TargetPlatform (37)
[2016.01.08-08.18.10:091][568]LogModuleManager: Shutting down and abandoning module Android_PVRTCTargetPlatform (36)
[2016.01.08-08.18.10:091][568]LogModuleManager: Shutting down and abandoning module Android_MultiTargetPlatform (35)
[2016.01.08-08.18.10:091][568]LogModuleManager: Shutting down and abandoning module Android_ETC2TargetPlatform (34)
[2016.01.08-08.18.10:091][568]LogModuleManager: Shutting down and abandoning module Android_ETC1TargetPlatform (33)
[2016.01.08-08.18.10:091][568]LogModuleManager: Shutting down and abandoning module Android_DXTTargetPlatform (32)
[2016.01.08-08.18.10:091][568]LogModuleManager: Shutting down and abandoning module Android_ATCTargetPlatform (31)
[2016.01.08-08.18.10:091][568]LogModuleManager: Shutting down and abandoning module Android_ASTCTargetPlatform (30)
[2016.01.08-08.18.10:091][568]LogModuleManager: Shutting down and abandoning module AndroidTargetPlatform (29)
[2016.01.08-08.18.10:091][568]LogModuleManager: Shutting down and abandoning module WindowsTargetPlatform (28)
[2016.01.08-08.18.10:091][568]LogModuleManager: Shutting down and abandoning module WindowsServerTargetPlatform (27)
[2016.01.08-08.18.10:091][568]LogModuleManager: Shutting down and abandoning module WindowsNoEditorTargetPlatform (26)
[2016.01.08-08.18.10:091][568]LogModuleManager: Shutting down and abandoning module WindowsClientTargetPlatform (25)
[2016.01.08-08.18.10:091][568]LogModuleManager: Shutting down and abandoning module AllDesktopTargetPlatform (24)
[2016.01.08-08.18.10:091][568]LogModuleManager: Shutting down and abandoning module TargetPlatform (23)
[2016.01.08-08.18.10:091][568]LogModuleManager: Shutting down and abandoning module InputCore (22)
[2016.01.08-08.18.10:091][568]LogModuleManager: Shutting down and abandoning module Settings (21)
[2016.01.08-08.18.10:091][568]LogModuleManager: Shutting down and abandoning module OnlineSubsystem (19)
[2016.01.08-08.18.10:091][568]LogModuleManager: Shutting down and abandoning module HTTP (18)
[2016.01.08-08.18.11:092][568]LogModuleManager: Shutting down and abandoning module XMPP (17)
[2016.01.08-08.18.11:092][568]LogModuleManager: Shutting down and abandoning module OculusRift (16)
[2016.01.08-08.18.11:092][568]LogModuleManager: Shutting down and abandoning module ExampleDeviceProfileSelector (15)
[2016.01.08-08.18.11:092][568]LogModuleManager: Shutting down and abandoning module TextureCompressor (14)
[2016.01.08-08.18.11:092][568]LogModuleManager: Shutting down and abandoning module ShaderCore (13)
[2016.01.08-08.18.11:092][568]LogModuleManager: Shutting down and abandoning module Landscape (12)
[2016.01.08-08.18.11:092][568]LogModuleManager: Shutting down and abandoning module SlateRHIRenderer (11)
[2016.01.08-08.18.11:092][568]LogModuleManager: Shutting down and abandoning module OpenGLDrv (10)
[2016.01.08-08.18.11:092][568]LogModuleManager: Shutting down and abandoning module D3D11RHI (9)
[2016.01.08-08.18.11:092][568]LogModuleManager: Shutting down and abandoning module AnimGraphRuntime (8)
[2016.01.08-08.18.11:092][568]LogModuleManager: Shutting down and abandoning module Renderer (7)
[2016.01.08-08.18.11:092][568]LogModuleManager: Shutting down and abandoning module Engine (6)
[2016.01.08-08.18.11:092][568]LogModuleManager: Shutting down and abandoning module CoreUObject (5)
[2016.01.08-08.18.11:092][568]LogModuleManager: Shutting down and abandoning module NetworkFile (4)
[2016.01.08-08.18.11:092][568]LogModuleManager: Shutting down and abandoning module StreamingFile (3)
[2016.01.08-08.18.11:092][568]LogModuleManager: Shutting down and abandoning module SandboxFile (2)
[2016.01.08-08.18.11:092][568]LogModuleManager: Shutting down and abandoning module PakFile (1)
[2016.01.08-08.18.11:093][568]LogExit: Exiting.
[2016.01.08-08.18.11:095][568]Log file closed, 01/08/16 02:18:11
